<?xml version="1.0" encoding="UTF-8"?>
<!-- Generated by org.testng.reporters.JUnitXMLReporter -->
<testsuite ignored="0" hostname="ANUSRI" failures="0" tests="4" name="Test" time="86.808" errors="0" timestamp="2025-07-09T20:31:19 IST">
  <testcase classname="DetailsOfAmazon.Website.TestCase5_SearchForProduct" name="SearchDetails" time="7.59"/>
  <testcase classname="DetailsOfAmazon.Website.Testcase1_Registration" name="RegistrationPageDetails" time="18.887">
    <skipped/>
  </testcase> <!-- RegistrationPageDetails -->
  <testcase classname="DetailsOfAmazon.Website.Testcase1_Registration" name="RegistrationPageDetails" time="9.205"/>
  <testcase classname="DetailsOfAmazon.Website.Testcase2_ValidCredentials" name="ValidCredentials" time="15.057"/>
</testsuite> <!-- Test -->
