<?xml version="1.0" encoding="UTF-8"?>
<!-- Generated by org.testng.reporters.JUnitXMLReporter -->
<testsuite ignored="0" hostname="ANUSRI" failures="0" tests="3" name="Test" time="75.421" errors="0" timestamp="2025-07-08T20:54:49 IST">
  <testcase classname="DetailsOfAmazon.Website.TestCase5_SearchForProduct" name="SearchDetails" time="6.956"/>
  <testcase classname="DetailsOfAmazon.Website.Testcase1_Registration" name="RegistrationPageDetails" time="16.526"/>
  <testcase classname="DetailsOfAmazon.Website.Testcase2_ValidCredentials" name="ValidCredentials" time="15.978"/>
</testsuite> <!-- Test -->
