<?xml version="1.0" encoding="UTF-8"?>
<testng-results ignored="0" total="1" passed="1" failed="0" skipped="0">
  <reporter-output>
    <line>
      <![CDATA[Testcase is passed]]>
    </line>
  </reporter-output>
  <suite started-at="2025-07-09T14:15:10 IST" name="Default suite" finished-at="2025-07-09T14:15:31 IST" duration-ms="21372">
    <groups>
    </groups>
    <test started-at="2025-07-09T14:15:10 IST" name="Default test" finished-at="2025-07-09T14:15:31 IST" duration-ms="21372">
      <class name="DetailsOfAmazon.Website.Testcase15_ReachTillCartPage">
        <test-method is-config="true" signature="starting()[pri:0, instance:DetailsOfAmazon.Website.Testcase15_ReachTillCartPage@c730b35]" started-at="2025-07-09T14:15:10 IST" name="starting" finished-at="2025-07-09T14:15:14 IST" duration-ms="4428" status="PASS">
          <reporter-output>
          </reporter-output>
        </test-method> <!-- starting -->
        <test-method signature="CartPage()[pri:0, instance:DetailsOfAmazon.Website.Testcase15_ReachTillCartPage@c730b35]" started-at="2025-07-09T14:15:14 IST" name="CartPage" finished-at="2025-07-09T14:15:31 IST" duration-ms="16682" status="PASS">
          <reporter-output>
            <line>
              <![CDATA[Testcase is passed]]>
            </line>
          </reporter-output>
        </test-method> <!-- CartPage -->
        <test-method is-config="true" signature="closing()[pri:0, instance:DetailsOfAmazon.Website.Testcase15_ReachTillCartPage@c730b35]" started-at="2025-07-09T14:15:31 IST" name="closing" finished-at="2025-07-09T14:15:31 IST" duration-ms="0" status="PASS">
          <reporter-output>
          </reporter-output>
        </test-method> <!-- closing -->
      </class> <!-- DetailsOfAmazon.Website.Testcase15_ReachTillCartPage -->
    </test> <!-- Default test -->
  </suite> <!-- Default suite -->
</testng-results>
