<?xml version="1.0" encoding="UTF-8"?>
<testng-results ignored="0" total="1" passed="1" failed="0" skipped="0">
  <reporter-output>
    <line>
      <![CDATA[Testcase is passed]]>
    </line>
  </reporter-output>
  <suite started-at="2025-07-08T19:55:59 IST" name="Default suite" finished-at="2025-07-08T19:56:43 IST" duration-ms="44027">
    <groups>
    </groups>
    <test started-at="2025-07-08T19:55:59 IST" name="Default test" finished-at="2025-07-08T19:56:43 IST" duration-ms="44027">
      <class name="DetailsOfAmazon.Website.TestCase13_ApplyCouponCode">
        <test-method is-config="true" signature="starting()[pri:0, instance:DetailsOfAmazon.Website.TestCase13_ApplyCouponCode@c730b35]" started-at="2025-07-08T19:55:59 IST" name="starting" finished-at="2025-07-08T19:56:06 IST" duration-ms="7098" status="PASS">
          <reporter-output>
          </reporter-output>
        </test-method> <!-- starting -->
        <test-method signature="CouponCode()[pri:0, instance:DetailsOfAmazon.Website.TestCase13_ApplyCouponCode@c730b35]" started-at="2025-07-08T19:56:06 IST" name="CouponCode" finished-at="2025-07-08T19:56:42 IST" duration-ms="36637" status="PASS">
          <reporter-output>
            <line>
              <![CDATA[Testcase is passed]]>
            </line>
          </reporter-output>
        </test-method> <!-- CouponCode -->
        <test-method is-config="true" signature="closing()[pri:0, instance:DetailsOfAmazon.Website.TestCase13_ApplyCouponCode@c730b35]" started-at="2025-07-08T19:56:43 IST" name="closing" finished-at="2025-07-08T19:56:43 IST" duration-ms="3" status="PASS">
          <reporter-output>
          </reporter-output>
        </test-method> <!-- closing -->
      </class> <!-- DetailsOfAmazon.Website.TestCase13_ApplyCouponCode -->
    </test> <!-- Default test -->
  </suite> <!-- Default suite -->
</testng-results>
